Arguments: 
  /Users/alexluu/.nvm/versions/node/v18.18.2/bin/node /Users/alexluu/.node/corepack/yarn/1.22.15/bin/yarn.js add web3-plugin-agssfees@1.0.2

PATH: 
  /Users/alexluu/.nvm/versions/node/v18.18.2/bin:/Library/Frameworks/Python.framework/Versions/3.9/bin:/usr/local/bin:/usr/bin:/bin:/usr/sbin:/sbin:/usr/local/go/bin:/Users/alexluu/.npm-global/bin

Yarn version: 
  1.22.15

Node version: 
  18.18.2

Platform: 
  darwin x64

Trace: 
  Error: https://registry.yarnpkg.com/web3-plugin-agssfees: Not found
      at params.callback [as _callback] (/Users/alexluu/.node/corepack/yarn/1.22.15/lib/cli.js:66140:18)
      at self.callback (/Users/alexluu/.node/corepack/yarn/1.22.15/lib/cli.js:140885:22)
      at Request.emit (node:events:517:28)
      at Request.<anonymous> (/Users/alexluu/.node/corepack/yarn/1.22.15/lib/cli.js:141857:10)
      at Request.emit (node:events:517:28)
      at IncomingMessage.<anonymous> (/Users/alexluu/.node/corepack/yarn/1.22.15/lib/cli.js:141779:12)
      at Object.onceWrapper (node:events:631:28)
      at IncomingMessage.emit (node:events:529:35)
      at endReadableNT (node:internal/streams/readable:1368:12)
      at process.processTicksAndRejections (node:internal/process/task_queues:82:21)

npm manifest: 
  {
    "name": "nextapp",
    "version": "0.1.0",
    "private": true,
    "scripts": {
      "dev": "next dev",
      "build": "next build",
      "start": "next start",
      "lint": "next lint"
    },
    "dependencies": {
      "fs": "^0.0.1-security",
      "next": "14.2.2",
      "react": "^18",
      "react-dom": "^18",
      "web3": "^4.8.0",
      "web3-plugin-gasfees": "^1.0.1"
    },
    "devDependencies": {
      "@types/node": "^20",
      "@types/react": "^18",
      "@types/react-dom": "^18",
      "typescript": "^5"
    }
  }

yarn manifest: 
  No manifest

Lockfile: 
  # THIS IS AN AUTOGENERATED FILE. DO NOT EDIT THIS FILE DIRECTLY.
  # yarn lockfile v1
  
  
  "@adraffy/ens-normalize@^1.8.8":
    version "1.10.1"
    resolved "https://registry.npmjs.org/@adraffy/ens-normalize/-/ens-normalize-1.10.1.tgz"
    integrity sha512-96Z2IP3mYmF1Xg2cDm8f1gWGf/HUVedQ3FMifV4kG/PQ4yEP51xDtRAEfhVNt5f/uzpNkZHwWQuUcu6D6K+Ekw==
  
  "@ethereumjs/rlp@^4.0.1":
    version "4.0.1"
    resolved "https://registry.npmjs.org/@ethereumjs/rlp/-/rlp-4.0.1.tgz"
    integrity sha512-tqsQiBQDQdmPWE1xkkBq4rlSW5QZpLOUJ5RJh2/9fug+q9tnUhuZoVLk7s0scUIKTOzEtR72DFBXI4WiZcMpvw==
  
  "@next/env@14.2.2":
    version "14.2.2"
    resolved "https://registry.npmjs.org/@next/env/-/env-14.2.2.tgz"
    integrity sha512-sk72qRfM1Q90XZWYRoJKu/UWlTgihrASiYw/scb15u+tyzcze3bOuJ/UV6TBOQEeUaxOkRqGeuGUdiiuxc5oqw==
  
  "@next/swc-darwin-arm64@14.2.2":
    version "14.2.2"
    resolved "https://registry.yarnpkg.com/@next/swc-darwin-arm64/-/swc-darwin-arm64-14.2.2.tgz#55e395b0db6dd5ea2dc92818260ff3a399f1a056"
    integrity sha512-3iPgMhzbalizGwHNFUcGnDhFPSgVBHQ8aqSTAMxB5BvJG0oYrDf1WOJZlbXBgunOEj/8KMVbejEur/FpvFsgFQ==
  
  "@next/swc-darwin-x64@14.2.2":
    version "14.2.2"
    resolved "https://registry.npmjs.org/@next/swc-darwin-x64/-/swc-darwin-x64-14.2.2.tgz"
    integrity sha512-x7Afi/jt0ZBRUZHTi49yyej4o8znfIMHO4RvThuoc0P+uli8Jd99y5GKjxoYunPKsXL09xBXEM1+OQy2xEL0Ag==
  
  "@next/swc-linux-arm64-gnu@14.2.2":
    version "14.2.2"
    resolved "https://registry.yarnpkg.com/@next/swc-linux-arm64-gnu/-/swc-linux-arm64-gnu-14.2.2.tgz#443f0d4ab9d1aa4338e40f77ca4e182d60e88448"
    integrity sha512-zbfPtkk7L41ODMJwSp5VbmPozPmMMQrzAc0HAUomVeVIIwlDGs/UCqLJvLNDt4jpWgc21SjjyIn762lNGrMaUA==
  
  "@next/swc-linux-arm64-musl@14.2.2":
    version "14.2.2"
    resolved "https://registry.yarnpkg.com/@next/swc-linux-arm64-musl/-/swc-linux-arm64-musl-14.2.2.tgz#182c00b3d2f3ed4eaacdd385d07b230252c64de9"
    integrity sha512-wPbS3pI/JU16rm3XdLvvTmlsmm1nd+sBa2ohXgBZcShX4TgOjD4R+RqHKlI1cjo/jDZKXt6OxmcU0Iys0OC/yg==
  
  "@next/swc-linux-x64-gnu@14.2.2":
    version "14.2.2"
    resolved "https://registry.yarnpkg.com/@next/swc-linux-x64-gnu/-/swc-linux-x64-gnu-14.2.2.tgz#e826a08085dcc61685ff42884ad4032e71ac154f"
    integrity sha512-NqWOHqqq8iC9tuHvZxjQ2tX+jWy2X9y8NX2mcB4sj2bIccuCxbIZrU/ThFPZZPauygajZuVQ6zediejQHwZHwQ==
  
  "@next/swc-linux-x64-musl@14.2.2":
    version "14.2.2"
    resolved "https://registry.yarnpkg.com/@next/swc-linux-x64-musl/-/swc-linux-x64-musl-14.2.2.tgz#42f921ca6d93fdfb2b13de70cd8a44ba5526b318"
    integrity sha512-lGepHhwb9sGhCcU7999+iK1ZZT+6rrIoVg40MP7DZski9GIZP80wORSbt5kJzh9v2x2ev2lxC6VgwMQT0PcgTA==
  
  "@next/swc-win32-arm64-msvc@14.2.2":
    version "14.2.2"
    resolved "https://registry.yarnpkg.com/@next/swc-win32-arm64-msvc/-/swc-win32-arm64-msvc-14.2.2.tgz#9c8f60da8e3882c4c66f21747abf944a627d05ff"
    integrity sha512-TZSh/48SfcLEQ4rD25VVn2kdIgUWmMflRX3OiyPwGNXn3NiyPqhqei/BaqCYXViIQ+6QsG9R0C8LftMqy8JPMA==
  
  "@next/swc-win32-ia32-msvc@14.2.2":
    version "14.2.2"
    resolved "https://registry.yarnpkg.com/@next/swc-win32-ia32-msvc/-/swc-win32-ia32-msvc-14.2.2.tgz#fdb0b5f74e6dc0dcb34b7f7d24775ad034d915e8"
    integrity sha512-M0tBVNMEBJN2ZNQWlcekMn6pvLria7Sa2Fai5znm7CCJz4pP3lrvlSxhKdkCerk0D9E0bqx5yAo3o2Q7RrD4gA==
  
  "@next/swc-win32-x64-msvc@14.2.2":
    version "14.2.2"
    resolved "https://registry.yarnpkg.com/@next/swc-win32-x64-msvc/-/swc-win32-x64-msvc-14.2.2.tgz#95cc0dad2c7ac5177fa6eeab070dccfa30532353"
    integrity sha512-a/20E/wtTJZ3Ykv3f/8F0l7TtgQa2LWHU2oNB9bsu0VjqGuGGHmm/q6waoUNQYTVPYrrlxxaHjJcDV6aiSTt/w==
  
  "@noble/curves@1.3.0", "@noble/curves@~1.3.0":
    version "1.3.0"
    resolved "https://registry.npmjs.org/@noble/curves/-/curves-1.3.0.tgz"
    integrity sha512-t01iSXPuN+Eqzb4eBX0S5oubSqXbK/xXa1Ne18Hj8f9pStxztHCE2gfboSp/dZRLSqfuLpRK2nDXDK+W9puocA==
    dependencies:
      "@noble/hashes" "1.3.3"
  
  "@noble/hashes@1.3.3", "@noble/hashes@~1.3.2":
    version "1.3.3"
    resolved "https://registry.npmjs.org/@noble/hashes/-/hashes-1.3.3.tgz"
    integrity sha512-V7/fPHgl+jsVPXqqeOzT8egNj2iBIVt+ECeMMG8TdcnTikP3oaBtUVqpT/gYCR68aEBJSF+XbYUxStjbFMqIIA==
  
  "@scure/base@~1.1.4":
    version "1.1.6"
    resolved "https://registry.npmjs.org/@scure/base/-/base-1.1.6.tgz"
    integrity sha512-ok9AWwhcgYuGG3Zfhyqg+zwl+Wn5uE+dwC0NV/2qQkx4dABbb/bx96vWu8NSj+BNjjSjno+JRYRjle1jV08k3g==
  
  "@scure/bip32@1.3.3":
    version "1.3.3"
    resolved "https://registry.npmjs.org/@scure/bip32/-/bip32-1.3.3.tgz"
    integrity sha512-LJaN3HwRbfQK0X1xFSi0Q9amqOgzQnnDngIt+ZlsBC3Bm7/nE7K0kwshZHyaru79yIVRv/e1mQAjZyuZG6jOFQ==
    dependencies:
      "@noble/curves" "~1.3.0"
      "@noble/hashes" "~1.3.2"
      "@scure/base" "~1.1.4"
  
  "@scure/bip39@1.2.2":
    version "1.2.2"
    resolved "https://registry.npmjs.org/@scure/bip39/-/bip39-1.2.2.tgz"
    integrity sha512-HYf9TUXG80beW+hGAt3TRM8wU6pQoYur9iNypTROm42dorCGmLnFe3eWjz3gOq6G62H2WRh0FCzAR1PI+29zIA==
    dependencies:
      "@noble/hashes" "~1.3.2"
      "@scure/base" "~1.1.4"
  
  "@swc/counter@^0.1.3":
    version "0.1.3"
    resolved "https://registry.npmjs.org/@swc/counter/-/counter-0.1.3.tgz"
    integrity sha512-e2BR4lsJkkRlKZ/qCHPw9ZaSxc0MVUd7gtbtaB7aMvHeJVYe8sOB8DBZkP2DtISHGSku9sCK6T6cnY0CtXrOCQ==
  
  "@swc/helpers@0.5.5":
    version "0.5.5"
    resolved "https://registry.npmjs.org/@swc/helpers/-/helpers-0.5.5.tgz"
    integrity sha512-KGYxvIOXcceOAbEk4bi/dVLEK9z8sZ0uBB3Il5b1rhfClSpcX0yfRO0KmTkqR2cnQDymwLB+25ZyMzICg/cm/A==
    dependencies:
      "@swc/counter" "^0.1.3"
      tslib "^2.4.0"
  
  "@types/node@*", "@types/node@^20":
    version "20.12.7"
    resolved "https://registry.npmjs.org/@types/node/-/node-20.12.7.tgz"
    integrity sha512-wq0cICSkRLVaf3UGLMGItu/PtdY7oaXaI/RVU+xliKVOtRna3PRY57ZDfztpDL0n11vfymMUnXv8QwYCO7L1wg==
    dependencies:
      undici-types "~5.26.4"
  
  "@types/prop-types@*":
    version "15.7.12"
    resolved "https://registry.npmjs.org/@types/prop-types/-/prop-types-15.7.12.tgz"
    integrity sha512-5zvhXYtRNRluoE/jAp4GVsSduVUzNWKkOZrCDBWYtE7biZywwdC2AcEzg+cSMLFRfVgeAFqpfNabiPjxFddV1Q==
  
  "@types/react-dom@^18":
    version "18.2.25"
    resolved "https://registry.npmjs.org/@types/react-dom/-/react-dom-18.2.25.tgz"
    integrity sha512-o/V48vf4MQh7juIKZU2QGDfli6p1+OOi5oXx36Hffpc9adsHeXjVp8rHuPkjd8VT8sOJ2Zp05HR7CdpGTIUFUA==
    dependencies:
      "@types/react" "*"
  
  "@types/react@*", "@types/react@^18":
    version "18.2.79"
    resolved "https://registry.npmjs.org/@types/react/-/react-18.2.79.tgz"
    integrity sha512-RwGAGXPl9kSXwdNTafkOEuFrTBD5SA2B3iEB96xi8+xu5ddUa/cpvyVCSNn+asgLCTHkb5ZxN8gbuibYJi4s1w==
    dependencies:
      "@types/prop-types" "*"
      csstype "^3.0.2"
  
  "@types/ws@8.5.3":
    version "8.5.3"
    resolved "https://registry.npmjs.org/@types/ws/-/ws-8.5.3.tgz"
    integrity sha512-6YOoWjruKj1uLf3INHH7D3qTXwFfEsg1kf3c0uDdSBJwfa/llkwIjrAGV7j7mVgGNbzTQ3HiHKKDXl6bJPD97w==
    dependencies:
      "@types/node" "*"
  
  abitype@0.7.1:
    version "0.7.1"
    resolved "https://registry.npmjs.org/abitype/-/abitype-0.7.1.tgz"
    integrity sha512-VBkRHTDZf9Myaek/dO3yMmOzB/y2s3Zo6nVU7yaw1G+TvCHAjwaJzNGN9yo4K5D8bU/VZXKP1EJpRhFr862PlQ==
  
  available-typed-arrays@^1.0.7:
    version "1.0.7"
    resolved "https://registry.npmjs.org/available-typed-arrays/-/available-typed-arrays-1.0.7.tgz"
    integrity sha512-wvUjBtSGN7+7SjNpq/9M2Tg350UZD3q62IFZLbRAR1bSMlCo1ZaeW+BJ+D090e4hIIZLBcTDWe4Mh4jvUDajzQ==
    dependencies:
      possible-typed-array-names "^1.0.0"
  
  busboy@1.6.0:
    version "1.6.0"
    resolved "https://registry.npmjs.org/busboy/-/busboy-1.6.0.tgz"
    integrity sha512-8SFQbg/0hQ9xy3UNTB0YEnsNBbWfhf7RtnzpL7TkBiTBRfrQ9Fxcnz7VJsleJpyp6rVLvXiuORqjlHi5q+PYuA==
    dependencies:
      streamsearch "^1.1.0"
  
  call-bind@^1.0.2, call-bind@^1.0.7:
    version "1.0.7"
    resolved "https://registry.npmjs.org/call-bind/-/call-bind-1.0.7.tgz"
    integrity sha512-GHTSNSYICQ7scH7sZ+M2rFopRoLh8t2bLSW6BbgrtLsahOIB5iyAVJf9GjWK3cYTDaMj4XdBpM1cA6pIS0Kv2w==
    dependencies:
      es-define-property "^1.0.0"
      es-errors "^1.3.0"
      function-bind "^1.1.2"
      get-intrinsic "^1.2.4"
      set-function-length "^1.2.1"
  
  caniuse-lite@^1.0.30001579:
    version "1.0.30001611"
    resolved "https://registry.npmjs.org/caniuse-lite/-/caniuse-lite-1.0.30001611.tgz"
    integrity sha512-19NuN1/3PjA3QI8Eki55N8my4LzfkMCRLgCVfrl/slbSAchQfV0+GwjPrK3rq37As4UCLlM/DHajbKkAqbv92Q==
  
  client-only@0.0.1:
    version "0.0.1"
    resolved "https://registry.npmjs.org/client-only/-/client-only-0.0.1.tgz"
    integrity sha512-IV3Ou0jSMzZrd3pZ48nLkT9DA7Ag1pnPzaiQhpW7c3RbcqqzvzzVu+L8gfqMp/8IM2MQtSiqaCxrrcfu8I8rMA==
  
  crc-32@^1.2.2:
    version "1.2.2"
    resolved "https://registry.npmjs.org/crc-32/-/crc-32-1.2.2.tgz"
    integrity sha512-ROmzCKrTnOwybPcJApAA6WBWij23HVfGVNKqqrZpuyZOHqK2CwHSvpGuyt/UNNvaIjEd8X5IFGp4Mh+Ie1IHJQ==
  
  cross-fetch@^4.0.0:
    version "4.0.0"
    resolved "https://registry.npmjs.org/cross-fetch/-/cross-fetch-4.0.0.tgz"
    integrity sha512-e4a5N8lVvuLgAWgnCrLr2PP0YyDOTHa9H/Rj54dirp61qXnNq46m82bRhNqIA5VccJtWBvPTFRV3TtvHUKPB1g==
    dependencies:
      node-fetch "^2.6.12"
  
  csstype@^3.0.2:
    version "3.1.3"
    resolved "https://registry.npmjs.org/csstype/-/csstype-3.1.3.tgz"
    integrity sha512-M1uQkMl8rQK/szD0LNhtqxIPLpimGm8sOBwU7lLnCpSbTyY3yeU1Vc7l4KT5zT4s/yOxHH5O7tIuuLOCnLADRw==
  
  define-data-property@^1.1.4:
    version "1.1.4"
    resolved "https://registry.npmjs.org/define-data-property/-/define-data-property-1.1.4.tgz"
    integrity sha512-rBMvIzlpA8v6E+SJZoo++HAYqsLrkg7MSfIinMPFhmkorw7X+dOXVJQs+QT69zGkzMyfDnIMN2Wid1+NbL3T+A==
    dependencies:
      es-define-property "^1.0.0"
      es-errors "^1.3.0"
      gopd "^1.0.1"
  
  es-define-property@^1.0.0:
    version "1.0.0"
    resolved "https://registry.npmjs.org/es-define-property/-/es-define-property-1.0.0.tgz"
    integrity sha512-jxayLKShrEqqzJ0eumQbVhTYQM27CfT1T35+gCgDFoL82JLsXqTJ76zv6A0YLOgEnLUMvLzsDsGIrl8NFpT2gQ==
    dependencies:
      get-intrinsic "^1.2.4"
  
  es-errors@^1.3.0:
    version "1.3.0"
    resolved "https://registry.npmjs.org/es-errors/-/es-errors-1.3.0.tgz"
    integrity sha512-Zf5H2Kxt2xjTvbJvP2ZWLEICxA6j+hAmMzIlypy4xcBg1vKVnx89Wy0GbS+kf5cwCVFFzdCFh2XSCFNULS6csw==
  
  ethereum-cryptography@^2.0.0:
    version "2.1.3"
    resolved "https://registry.npmjs.org/ethereum-cryptography/-/ethereum-cryptography-2.1.3.tgz"
    integrity sha512-BlwbIL7/P45W8FGW2r7LGuvoEZ+7PWsniMvQ4p5s2xCyw9tmaDlpfsN9HjAucbF+t/qpVHwZUisgfK24TCW8aA==
    dependencies:
      "@noble/curves" "1.3.0"
      "@noble/hashes" "1.3.3"
      "@scure/bip32" "1.3.3"
      "@scure/bip39" "1.2.2"
  
  eventemitter3@^5.0.1:
    version "5.0.1"
    resolved "https://registry.npmjs.org/eventemitter3/-/eventemitter3-5.0.1.tgz"
    integrity sha512-GWkBvjiSZK87ELrYOSESUYeVIc9mvLLf/nXalMOS5dYrgZq9o5OVkbZAVM06CVxYsCwH9BDZFPlQTlPA1j4ahA==
  
  for-each@^0.3.3:
    version "0.3.3"
    resolved "https://registry.npmjs.org/for-each/-/for-each-0.3.3.tgz"
    integrity sha512-jqYfLp7mo9vIyQf8ykW2v7A+2N4QjeCeI5+Dz9XraiO1ign81wjiH7Fb9vSOWvQfNtmSa4H2RoQTrrXivdUZmw==
    dependencies:
      is-callable "^1.1.3"
  
  fs@^0.0.1-security:
    version "0.0.1-security"
    resolved "https://registry.npmjs.org/fs/-/fs-0.0.1-security.tgz"
    integrity sha512-3XY9e1pP0CVEUCdj5BmfIZxRBTSDycnbqhIOGec9QYtmVH2fbLpj86CFWkrNOkt/Fvty4KZG5lTglL9j/gJ87w==
  
  function-bind@^1.1.2:
    version "1.1.2"
    resolved "https://registry.npmjs.org/function-bind/-/function-bind-1.1.2.tgz"
    integrity sha512-7XHNxH7qX9xG5mIwxkhumTox/MIRNcOgDrxWsMt2pAr23WHp6MrRlN7FBSFpCpr+oVO0F744iUgR82nJMfG2SA==
  
  get-intrinsic@^1.1.3, get-intrinsic@^1.2.4:
    version "1.2.4"
    resolved "https://registry.npmjs.org/get-intrinsic/-/get-intrinsic-1.2.4.tgz"
    integrity sha512-5uYhsJH8VJBTv7oslg4BznJYhDoRI6waYCxMmCdnTrcCrHA/fCFKoTFz2JKKE0HdDFUF7/oQuhzumXJK7paBRQ==
    dependencies:
      es-errors "^1.3.0"
      function-bind "^1.1.2"
      has-proto "^1.0.1"
      has-symbols "^1.0.3"
      hasown "^2.0.0"
  
  gopd@^1.0.1:
    version "1.0.1"
    resolved "https://registry.npmjs.org/gopd/-/gopd-1.0.1.tgz"
    integrity sha512-d65bNlIadxvpb/A2abVdlqKqV563juRnZ1Wtk6s1sIR8uNsXR70xqIzVqxVf1eTqDunwT2MkczEeaezCKTZhwA==
    dependencies:
      get-intrinsic "^1.1.3"
  
  graceful-fs@^4.2.11:
    version "4.2.11"
    resolved "https://registry.npmjs.org/graceful-fs/-/graceful-fs-4.2.11.tgz"
    integrity sha512-RbJ5/jmFcNNCcDV5o9eTnBLJ/HszWV0P73bc+Ff4nS/rJj+YaS6IGyiOL0VoBYX+l1Wrl3k63h/KrH+nhJ0XvQ==
  
  has-property-descriptors@^1.0.2:
    version "1.0.2"
    resolved "https://registry.npmjs.org/has-property-descriptors/-/has-property-descriptors-1.0.2.tgz"
    integrity sha512-55JNKuIW+vq4Ke1BjOTjM2YctQIvCT7GFzHwmfZPGo5wnrgkid0YQtnAleFSqumZm4az3n2BS+erby5ipJdgrg==
    dependencies:
      es-define-property "^1.0.0"
  
  has-proto@^1.0.1:
    version "1.0.3"
    resolved "https://registry.npmjs.org/has-proto/-/has-proto-1.0.3.tgz"
    integrity sha512-SJ1amZAJUiZS+PhsVLf5tGydlaVB8EdFpaSO4gmiUKUOxk8qzn5AIy4ZeJUmh22znIdk/uMAUT2pl3FxzVUH+Q==
  
  has-symbols@^1.0.3:
    version "1.0.3"
    resolved "https://registry.npmjs.org/has-symbols/-/has-symbols-1.0.3.tgz"
    integrity sha512-l3LCuF6MgDNwTDKkdYGEihYjt5pRPbEg46rtlmnSPlUbgmB8LOIrKJbYYFBSbnPaJexMKtiPO8hmeRjRz2Td+A==
  
  has-tostringtag@^1.0.0, has-tostringtag@^1.0.2:
    version "1.0.2"
    resolved "https://registry.npmjs.org/has-tostringtag/-/has-tostringtag-1.0.2.tgz"
    integrity sha512-NqADB8VjPFLM2V0VvHUewwwsw0ZWBaIdgo+ieHtK3hasLz4qeCRjYcqfB6AQrBggRKppKF8L52/VqdVsO47Dlw==
    dependencies:
      has-symbols "^1.0.3"
  
  hasown@^2.0.0:
    version "2.0.2"
    resolved "https://registry.npmjs.org/hasown/-/hasown-2.0.2.tgz"
    integrity sha512-0hJU9SCPvmMzIBdZFqNPXWa6dqh7WdH0cII9y+CyS8rG3nL48Bclra9HmKhVVUHyPWNH5Y7xDwAB7bfgSjkUMQ==
    dependencies:
      function-bind "^1.1.2"
  
  inherits@^2.0.3:
    version "2.0.4"
    resolved "https://registry.npmjs.org/inherits/-/inherits-2.0.4.tgz"
    integrity sha512-k/vGaX4/Yla3WzyMCvTQOXYeIHvqOKtnqBduzTHpzpQZzAskKMhZ2K+EnBiSM9zGSoIFeMpXKxa4dYeZIQqewQ==
  
  is-arguments@^1.0.4:
    version "1.1.1"
    resolved "https://registry.npmjs.org/is-arguments/-/is-arguments-1.1.1.tgz"
    integrity sha512-8Q7EARjzEnKpt/PCD7e1cgUS0a6X8u5tdSiMqXhojOdoV9TsMsiO+9VLC5vAmO8N7/GmXn7yjR8qnA6bVAEzfA==
    dependencies:
      call-bind "^1.0.2"
      has-tostringtag "^1.0.0"
  
  is-callable@^1.1.3:
    version "1.2.7"
    resolved "https://registry.npmjs.org/is-callable/-/is-callable-1.2.7.tgz"
    integrity sha512-1BC0BVFhS/p0qtw6enp8e+8OD0UrK0oFLztSjNzhcKA3WDuJxxAPXzPuPtKkjEY9UUoEWlX/8fgKeu2S8i9JTA==
  
  is-generator-function@^1.0.7:
    version "1.0.10"
    resolved "https://registry.npmjs.org/is-generator-function/-/is-generator-function-1.0.10.tgz"
    integrity sha512-jsEjy9l3yiXEQ+PsXdmBwEPcOxaXWLspKdplFUVI9vq1iZgIekeC0L167qeu86czQaxed3q/Uzuw0swL0irL8A==
    dependencies:
      has-tostringtag "^1.0.0"
  
  is-typed-array@^1.1.3:
    version "1.1.13"
    resolved "https://registry.npmjs.org/is-typed-array/-/is-typed-array-1.1.13.tgz"
    integrity sha512-uZ25/bUAlUY5fR4OKT4rZQEBrzQWYV9ZJYGGsUmEJ6thodVJ1HX64ePQ6Z0qPWP+m+Uq6e9UugrE38jeYsDSMw==
    dependencies:
      which-typed-array "^1.1.14"
  
  isomorphic-ws@^5.0.0:
    version "5.0.0"
    resolved "https://registry.npmjs.org/isomorphic-ws/-/isomorphic-ws-5.0.0.tgz"
    integrity sha512-muId7Zzn9ywDsyXgTIafTry2sV3nySZeUDe6YedVd1Hvuuep5AsIlqK+XefWpYTyJG5e503F2xIuT2lcU6rCSw==
  
  "js-tokens@^3.0.0 || ^4.0.0":
    version "4.0.0"
    resolved "https://registry.npmjs.org/js-tokens/-/js-tokens-4.0.0.tgz"
    integrity sha512-RdJUflcE3cUzKiMqQgsCu06FPu9UdIJO0beYbPhHN4k6apgJtifcoCtT9bcxOpYBtpD2kCM6Sbzg4CausW/PKQ==
  
  loose-envify@^1.1.0:
    version "1.4.0"
    resolved "https://registry.npmjs.org/loose-envify/-/loose-envify-1.4.0.tgz"
    integrity sha512-lyuxPGr/Wfhrlem2CL/UcnUc1zcqKAImBDzukY7Y5F/yQiNdko6+fRLevlw1HgMySw7f611UIY408EtxRSoK3Q==
    dependencies:
      js-tokens "^3.0.0 || ^4.0.0"
  
  nanoid@^3.3.6:
    version "3.3.7"
    resolved "https://registry.npmjs.org/nanoid/-/nanoid-3.3.7.tgz"
    integrity sha512-eSRppjcPIatRIMC1U6UngP8XFcz8MQWGQdt1MTBQ7NaAmvXDfvNxbvWV3x2y6CdEUciCSsDHDQZbhYaB8QEo2g==
  
  next@14.2.2:
    version "14.2.2"
    resolved "https://registry.npmjs.org/next/-/next-14.2.2.tgz"
    integrity sha512-oGwUaa2bCs47FbuxWMpOoXtBMPYpvTPgdZr3UAo+pu7Ns00z9otmYpoeV1HEiYL06AlRQQIA/ypK526KjJfaxg==
    dependencies:
      "@next/env" "14.2.2"
      "@swc/helpers" "0.5.5"
      busboy "1.6.0"
      caniuse-lite "^1.0.30001579"
      graceful-fs "^4.2.11"
      postcss "8.4.31"
      styled-jsx "5.1.1"
    optionalDependencies:
      "@next/swc-darwin-arm64" "14.2.2"
      "@next/swc-darwin-x64" "14.2.2"
      "@next/swc-linux-arm64-gnu" "14.2.2"
      "@next/swc-linux-arm64-musl" "14.2.2"
      "@next/swc-linux-x64-gnu" "14.2.2"
      "@next/swc-linux-x64-musl" "14.2.2"
      "@next/swc-win32-arm64-msvc" "14.2.2"
      "@next/swc-win32-ia32-msvc" "14.2.2"
      "@next/swc-win32-x64-msvc" "14.2.2"
  
  node-fetch@^2.6.12:
    version "2.7.0"
    resolved "https://registry.npmjs.org/node-fetch/-/node-fetch-2.7.0.tgz"
    integrity sha512-c4FRfUm/dbcWZ7U+1Wq0AwCyFL+3nt2bEw05wfxSz+DWpWsitgmSgYmy2dQdWyKC1694ELPqMs/YzUSNozLt8A==
    dependencies:
      whatwg-url "^5.0.0"
  
  picocolors@^1.0.0:
    version "1.0.0"
    resolved "https://registry.npmjs.org/picocolors/-/picocolors-1.0.0.tgz"
    integrity sha512-1fygroTLlHu66zi26VoTDv8yRgm0Fccecssto+MhsZ0D/DGW2sm8E8AjW7NU5VVTRt5GxbeZ5qBuJr+HyLYkjQ==
  
  possible-typed-array-names@^1.0.0:
    version "1.0.0"
    resolved "https://registry.npmjs.org/possible-typed-array-names/-/possible-typed-array-names-1.0.0.tgz"
    integrity sha512-d7Uw+eZoloe0EHDIYoe+bQ5WXnGMOpmiZFTuMWCwpjzzkL2nTjcKiAk4hh8TjnGye2TwWOk3UXucZ+3rbmBa8Q==
  
  postcss@8.4.31:
    version "8.4.31"
    resolved "https://registry.npmjs.org/postcss/-/postcss-8.4.31.tgz"
    integrity sha512-PS08Iboia9mts/2ygV3eLpY5ghnUcfLV/EXTOW1E2qYxJKGGBUtNjN76FYHnMs36RmARn41bC0AZmn+rR0OVpQ==
    dependencies:
      nanoid "^3.3.6"
      picocolors "^1.0.0"
      source-map-js "^1.0.2"
  
  react-dom@^18:
    version "18.2.0"
    resolved "https://registry.npmjs.org/react-dom/-/react-dom-18.2.0.tgz"
    integrity sha512-6IMTriUmvsjHUjNtEDudZfuDQUoWXVxKHhlEGSk81n4YFS+r/Kl99wXiwlVXtPBtJenozv2P+hxDsw9eA7Xo6g==
    dependencies:
      loose-envify "^1.1.0"
      scheduler "^0.23.0"
  
  react@^18:
    version "18.2.0"
    resolved "https://registry.npmjs.org/react/-/react-18.2.0.tgz"
    integrity sha512-/3IjMdb2L9QbBdWiW5e3P2/npwMBaU9mHCSCUzNln0ZCYbcfTsGbTJrU/kGemdH2IWmB2ioZ+zkxtmq6g09fGQ==
    dependencies:
      loose-envify "^1.1.0"
  
  scheduler@^0.23.0:
    version "0.23.0"
    resolved "https://registry.npmjs.org/scheduler/-/scheduler-0.23.0.tgz"
    integrity sha512-CtuThmgHNg7zIZWAXi3AsyIzA3n4xx7aNyjwC2VJldO2LMVDhFK+63xGqq6CsJH4rTAt6/M+N4GhZiDYPx9eUw==
    dependencies:
      loose-envify "^1.1.0"
  
  set-function-length@^1.2.1:
    version "1.2.2"
    resolved "https://registry.npmjs.org/set-function-length/-/set-function-length-1.2.2.tgz"
    integrity sha512-pgRc4hJ4/sNjWCSS9AmnS40x3bNMDTknHgL5UaMBTMyJnU90EgWh1Rz+MC9eFu4BuN/UwZjKQuY/1v3rM7HMfg==
    dependencies:
      define-data-property "^1.1.4"
      es-errors "^1.3.0"
      function-bind "^1.1.2"
      get-intrinsic "^1.2.4"
      gopd "^1.0.1"
      has-property-descriptors "^1.0.2"
  
  setimmediate@^1.0.5:
    version "1.0.5"
    resolved "https://registry.npmjs.org/setimmediate/-/setimmediate-1.0.5.tgz"
    integrity sha512-MATJdZp8sLqDl/68LfQmbP8zKPLQNV6BIZoIgrscFDQ+RsvK/BxeDQOgyxKKoh0y/8h3BqVFnCqQ/gd+reiIXA==
  
  source-map-js@^1.0.2:
    version "1.2.0"
    resolved "https://registry.npmjs.org/source-map-js/-/source-map-js-1.2.0.tgz"
    integrity sha512-itJW8lvSA0TXEphiRoawsCksnlf8SyvmFzIhltqAHluXd88pkCd+cXJVHTDwdCr0IzwptSm035IHQktUu1QUMg==
  
  streamsearch@^1.1.0:
    version "1.1.0"
    resolved "https://registry.npmjs.org/streamsearch/-/streamsearch-1.1.0.tgz"
    integrity sha512-Mcc5wHehp9aXz1ax6bZUyY5afg9u2rv5cqQI3mRrYkGC8rW2hM02jWuwjtL++LS5qinSyhj2QfLyNsuc+VsExg==
  
  styled-jsx@5.1.1:
    version "5.1.1"
    resolved "https://registry.npmjs.org/styled-jsx/-/styled-jsx-5.1.1.tgz"
    integrity sha512-pW7uC1l4mBZ8ugbiZrcIsiIvVx1UmTfw7UkC3Um2tmfUq9Bhk8IiyEIPl6F8agHgjzku6j0xQEZbfA5uSgSaCw==
    dependencies:
      client-only "0.0.1"
  
  tr46@~0.0.3:
    version "0.0.3"
    resolved "https://registry.npmjs.org/tr46/-/tr46-0.0.3.tgz"
    integrity sha512-N3WMsuqV66lT30CrXNbEjx4GEwlow3v6rr4mCcv6prnfwhS01rkgyFdjPNBYd9br7LpXV1+Emh01fHnq2Gdgrw==
  
  tslib@^2.4.0:
    version "2.6.2"
    resolved "https://registry.npmjs.org/tslib/-/tslib-2.6.2.tgz"
    integrity sha512-AEYxH93jGFPn/a2iVAwW87VuUIkR1FVUKB77NwMF7nBTDkDrrT/Hpt/IrCJ0QXhW27jTBDcf5ZY7w6RiqTMw2Q==
  
  typescript@^5:
    version "5.4.5"
    resolved "https://registry.npmjs.org/typescript/-/typescript-5.4.5.tgz"
    integrity sha512-vcI4UpRgg81oIRUFwR0WSIHKt11nJ7SAVlYNIu+QpqeyXP+gpQJy/Z4+F0aGxSE4MqwjyXvW/TzgkLAx2AGHwQ==
  
  undici-types@~5.26.4:
    version "5.26.5"
    resolved "https://registry.npmjs.org/undici-types/-/undici-types-5.26.5.tgz"
    integrity sha512-JlCMO+ehdEIKqlFxk6IfVoAUVmgz7cU7zD/h9XZ0qzeosSHmUJVOzSQvvYSYWXkFXC+IfLKSIffhv0sVZup6pA==
  
  util@^0.12.5:
    version "0.12.5"
    resolved "https://registry.npmjs.org/util/-/util-0.12.5.tgz"
    integrity sha512-kZf/K6hEIrWHI6XqOFUiiMa+79wE/D8Q+NCNAWclkyg3b4d2k7s0QGepNjiABc+aR3N1PAyHL7p6UcLY6LmrnA==
    dependencies:
      inherits "^2.0.3"
      is-arguments "^1.0.4"
      is-generator-function "^1.0.7"
      is-typed-array "^1.1.3"
      which-typed-array "^1.1.2"
  
  web3-core@^4.3.0, web3-core@^4.3.2:
    version "4.3.2"
    resolved "https://registry.npmjs.org/web3-core/-/web3-core-4.3.2.tgz"
    integrity sha512-uIMVd/j4BgOnwfpY8ZT+QKubOyM4xohEhFZXz9xB8wimXWMMlYVlIK/TbfHqFolS9uOerdSGhsMbcK9lETae8g==
    dependencies:
      web3-errors "^1.1.4"
      web3-eth-accounts "^4.1.0"
      web3-eth-iban "^4.0.7"
      web3-providers-http "^4.1.0"
      web3-providers-ws "^4.0.7"
      web3-types "^1.3.1"
      web3-utils "^4.1.0"
      web3-validator "^2.0.3"
    optionalDependencies:
      web3-providers-ipc "^4.0.7"
  
  web3-errors@^1.1.3, web3-errors@^1.1.4:
    version "1.1.4"
    resolved "https://registry.npmjs.org/web3-errors/-/web3-errors-1.1.4.tgz"
    integrity sha512-WahtszSqILez+83AxGecVroyZsMuuRT+KmQp4Si5P4Rnqbczno1k748PCrZTS1J4UCPmXMG2/Vt+0Bz2zwXkwQ==
    dependencies:
      web3-types "^1.3.1"
  
  web3-eth-abi@^4.2.1:
    version "4.2.1"
    resolved "https://registry.npmjs.org/web3-eth-abi/-/web3-eth-abi-4.2.1.tgz"
    integrity sha512-IE91WUhhiDpBtbkl/DHUoZz7z7T5FXvl3zPLkrxT+dNlOT+wni+US/67jQCLvJRbqf9ApQ26lVYry0bovFgyqA==
    dependencies:
      abitype "0.7.1"
      web3-errors "^1.1.4"
      web3-types "^1.6.0"
      web3-utils "^4.2.3"
      web3-validator "^2.0.5"
  
  web3-eth-accounts@^4.1.0, web3-eth-accounts@^4.1.2:
    version "4.1.2"
    resolved "https://registry.npmjs.org/web3-eth-accounts/-/web3-eth-accounts-4.1.2.tgz"
    integrity sha512-y0JynDeTDnclyuE9mShXLeEj+BCrPHxPHOyPCgTchUBQsALF9+0OhP7WiS3IqUuu0Hle5bjG2f5ddeiPtNEuLg==
    dependencies:
      "@ethereumjs/rlp" "^4.0.1"
      crc-32 "^1.2.2"
      ethereum-cryptography "^2.0.0"
      web3-errors "^1.1.4"
      web3-types "^1.6.0"
      web3-utils "^4.2.3"
      web3-validator "^2.0.5"
  
  web3-eth-contract@^4.3.0, web3-eth-contract@^4.4.0:
    version "4.4.0"
    resolved "https://registry.npmjs.org/web3-eth-contract/-/web3-eth-contract-4.4.0.tgz"
    integrity sha512-pZ/w6Lb6ZDUUs7f5GCKXiHDAGGvt2tdwiHkvgmQTRnq9b0MEsUpteDyPYspHxKzQWLgbeK37jPb8zbQe4kE/Hg==
    dependencies:
      web3-core "^4.3.2"
      web3-errors "^1.1.4"
      web3-eth "^4.6.0"
      web3-eth-abi "^4.2.1"
      web3-types "^1.6.0"
      web3-utils "^4.2.3"
      web3-validator "^2.0.5"
  
  web3-eth-ens@^4.2.0:
    version "4.2.0"
    resolved "https://registry.npmjs.org/web3-eth-ens/-/web3-eth-ens-4.2.0.tgz"
    integrity sha512-qYj34te2UctoObt8rlEIY/t2MuTMiMiiHhO2JAHRGqSLCQ7b8DM3RpvkiiSB0N0ZyEn+CetZqJCTYb8DNKBS/g==
    dependencies:
      "@adraffy/ens-normalize" "^1.8.8"
      web3-core "^4.3.2"
      web3-errors "^1.1.4"
      web3-eth "^4.5.0"
      web3-eth-contract "^4.3.0"
      web3-net "^4.0.7"
      web3-types "^1.5.0"
      web3-utils "^4.2.2"
      web3-validator "^2.0.5"
  
  web3-eth-iban@^4.0.7:
    version "4.0.7"
    resolved "https://registry.npmjs.org/web3-eth-iban/-/web3-eth-iban-4.0.7.tgz"
    integrity sha512-8weKLa9KuKRzibC87vNLdkinpUE30gn0IGY027F8doeJdcPUfsa4IlBgNC4k4HLBembBB2CTU0Kr/HAOqMeYVQ==
    dependencies:
      web3-errors "^1.1.3"
      web3-types "^1.3.0"
      web3-utils "^4.0.7"
      web3-validator "^2.0.3"
  
  web3-eth-personal@^4.0.8:
    version "4.0.8"
    resolved "https://registry.npmjs.org/web3-eth-personal/-/web3-eth-personal-4.0.8.tgz"
    integrity sha512-sXeyLKJ7ddQdMxz1BZkAwImjqh7OmKxhXoBNF3isDmD4QDpMIwv/t237S3q4Z0sZQamPa/pHebJRWVuvP8jZdw==
    dependencies:
      web3-core "^4.3.0"
      web3-eth "^4.3.1"
      web3-rpc-methods "^1.1.3"
      web3-types "^1.3.0"
      web3-utils "^4.0.7"
      web3-validator "^2.0.3"
  
  web3-eth@^4.3.1, web3-eth@^4.5.0, web3-eth@^4.6.0:
    version "4.6.0"
    resolved "https://registry.npmjs.org/web3-eth/-/web3-eth-4.6.0.tgz"
    integrity sha512-8KtxlGsomovoFULqEpfixgmCpaJ2YIJGxbXUfezh2coXHjVgEopQhARYtKGClyV5kkdCIqwHS8Gvsm6TVNqH6Q==
    dependencies:
      setimmediate "^1.0.5"
      web3-core "^4.3.2"
      web3-errors "^1.1.4"
      web3-eth-abi "^4.2.1"
      web3-eth-accounts "^4.1.2"
      web3-net "^4.0.7"
      web3-providers-ws "^4.0.7"
      web3-rpc-methods "^1.2.0"
      web3-types "^1.6.0"
      web3-utils "^4.2.3"
      web3-validator "^2.0.5"
  
  web3-net@^4.0.7:
    version "4.0.7"
    resolved "https://registry.npmjs.org/web3-net/-/web3-net-4.0.7.tgz"
    integrity sha512-SzEaXFrBjY25iQGk5myaOfO9ZyfTwQEa4l4Ps4HDNVMibgZji3WPzpjq8zomVHMwi8bRp6VV7YS71eEsX7zLow==
    dependencies:
      web3-core "^4.3.0"
      web3-rpc-methods "^1.1.3"
      web3-types "^1.3.0"
      web3-utils "^4.0.7"
  
  web3-plugin-gasfees@^1.0.1:
    version "1.0.2"
    resolved "https://registry.yarnpkg.com/web3-plugin-gasfees/-/web3-plugin-gasfees-1.0.2.tgz#c2cab9915e06ad131ec1d215dec2a9502c189259"
    integrity sha512-Ujd1zrzIicaqTZETXZnz4fkiKcgf3VonVQrk1nUoiS0w5IA0qlvrNY6jToTPvT8aT4Re274Eyhye3O9qJdH0fA==
    dependencies:
      web3 "^4.8.0"
  
  web3-providers-http@^4.1.0:
    version "4.1.0"
    resolved "https://registry.npmjs.org/web3-providers-http/-/web3-providers-http-4.1.0.tgz"
    integrity sha512-6qRUGAhJfVQM41E5t+re5IHYmb5hSaLc02BE2MaRQsz2xKA6RjmHpOA5h/+ojJxEpI9NI2CrfDKOAgtJfoUJQg==
    dependencies:
      cross-fetch "^4.0.0"
      web3-errors "^1.1.3"
      web3-types "^1.3.0"
      web3-utils "^4.0.7"
  
  web3-providers-ipc@^4.0.7:
    version "4.0.7"
    resolved "https://registry.npmjs.org/web3-providers-ipc/-/web3-providers-ipc-4.0.7.tgz"
    integrity sha512-YbNqY4zUvIaK2MHr1lQFE53/8t/ejHtJchrWn9zVbFMGXlTsOAbNoIoZWROrg1v+hCBvT2c9z8xt7e/+uz5p1g==
    dependencies:
      web3-errors "^1.1.3"
      web3-types "^1.3.0"
      web3-utils "^4.0.7"
  
  web3-providers-ws@^4.0.7:
    version "4.0.7"
    resolved "https://registry.npmjs.org/web3-providers-ws/-/web3-providers-ws-4.0.7.tgz"
    integrity sha512-n4Dal9/rQWjS7d6LjyEPM2R458V8blRm0eLJupDEJOOIBhGYlxw5/4FthZZ/cqB7y/sLVi7K09DdYx2MeRtU5w==
    dependencies:
      "@types/ws" "8.5.3"
      isomorphic-ws "^5.0.0"
      web3-errors "^1.1.3"
      web3-types "^1.3.0"
      web3-utils "^4.0.7"
      ws "^8.8.1"
  
  web3-rpc-methods@^1.1.3, web3-rpc-methods@^1.2.0:
    version "1.2.0"
    resolved "https://registry.npmjs.org/web3-rpc-methods/-/web3-rpc-methods-1.2.0.tgz"
    integrity sha512-CWJ/g4I4WyYvLkf21wCZAehdhU/VjX/OAPHnqF5/FPDJlogOsOnGXHqi1Z5AP+ocdt395PNubd8jyMMJoYGSBA==
    dependencies:
      web3-core "^4.3.2"
      web3-types "^1.5.0"
      web3-validator "^2.0.4"
  
  web3-types@^1.3.0, web3-types@^1.3.1, web3-types@^1.5.0, web3-types@^1.6.0:
    version "1.6.0"
    resolved "https://registry.npmjs.org/web3-types/-/web3-types-1.6.0.tgz"
    integrity sha512-qgOtADqlD5hw+KPKBUGaXAcdNLL0oh6qTeVgXwewCfbL/lG9R+/GrgMQB1gbTJ3cit8hMwtH8KX2Em6OwO0HRw==
  
  web3-utils@^4.0.7, web3-utils@^4.1.0, web3-utils@^4.2.2, web3-utils@^4.2.3:
    version "4.2.3"
    resolved "https://registry.npmjs.org/web3-utils/-/web3-utils-4.2.3.tgz"
    integrity sha512-m5plKTC2YtQntHITQRyIePw52UVP1IrShhmA2FACtn4zmc5ADmrXOlQWiPzxFP/18eRJsAaUAw2+CQn1u4WPxQ==
    dependencies:
      ethereum-cryptography "^2.0.0"
      eventemitter3 "^5.0.1"
      web3-errors "^1.1.4"
      web3-types "^1.6.0"
      web3-validator "^2.0.5"
  
  web3-validator@^2.0.3, web3-validator@^2.0.4, web3-validator@^2.0.5:
    version "2.0.5"
    resolved "https://registry.npmjs.org/web3-validator/-/web3-validator-2.0.5.tgz"
    integrity sha512-2gLOSW8XqEN5pw5jVUm20EB7A8SbQiekpAtiI0JBmCIV0a2rp97v8FgWY5E3UEqnw5WFfEqvcDVW92EyynDTyQ==
    dependencies:
      ethereum-cryptography "^2.0.0"
      util "^0.12.5"
      web3-errors "^1.1.4"
      web3-types "^1.5.0"
      zod "^3.21.4"
  
  web3@^4.8.0:
    version "4.8.0"
    resolved "https://registry.npmjs.org/web3/-/web3-4.8.0.tgz"
    integrity sha512-kQSF2NlHk8yjS3SRiJW3S+U5ibkEmVRhB4/GYsVwGvdAkFC2b+EIE1Ob7J56OmqW9VBZgkx1+SuWqo5JTIJSYQ==
    dependencies:
      web3-core "^4.3.2"
      web3-errors "^1.1.4"
      web3-eth "^4.6.0"
      web3-eth-abi "^4.2.1"
      web3-eth-accounts "^4.1.2"
      web3-eth-contract "^4.4.0"
      web3-eth-ens "^4.2.0"
      web3-eth-iban "^4.0.7"
      web3-eth-personal "^4.0.8"
      web3-net "^4.0.7"
      web3-providers-http "^4.1.0"
      web3-providers-ws "^4.0.7"
      web3-rpc-methods "^1.2.0"
      web3-types "^1.6.0"
      web3-utils "^4.2.3"
      web3-validator "^2.0.5"
  
  webidl-conversions@^3.0.0:
    version "3.0.1"
    resolved "https://registry.npmjs.org/webidl-conversions/-/webidl-conversions-3.0.1.tgz"
    integrity sha512-2JAn3z8AR6rjK8Sm8orRC0h/bcl/DqL7tRPdGZ4I1CjdF+EaMLmYxBHyXuKL849eucPFhvBoxMsflfOb8kxaeQ==
  
  whatwg-url@^5.0.0:
    version "5.0.0"
    resolved "https://registry.npmjs.org/whatwg-url/-/whatwg-url-5.0.0.tgz"
    integrity sha512-saE57nupxk6v3HY35+jzBwYa0rKSy0XR8JSxZPwgLr7ys0IBzhGviA1/TUGJLmSVqs8pb9AnvICXEuOHLprYTw==
    dependencies:
      tr46 "~0.0.3"
      webidl-conversions "^3.0.0"
  
  which-typed-array@^1.1.14, which-typed-array@^1.1.2:
    version "1.1.15"
    resolved "https://registry.npmjs.org/which-typed-array/-/which-typed-array-1.1.15.tgz"
    integrity sha512-oV0jmFtUky6CXfkqehVvBP/LSWJ2sy4vWMioiENyJLePrBO/yKyV9OyJySfAKosh+RYkIl5zJCNZ8/4JncrpdA==
    dependencies:
      available-typed-arrays "^1.0.7"
      call-bind "^1.0.7"
      for-each "^0.3.3"
      gopd "^1.0.1"
      has-tostringtag "^1.0.2"
  
  ws@^8.8.1:
    version "8.16.0"
    resolved "https://registry.npmjs.org/ws/-/ws-8.16.0.tgz"
    integrity sha512-HS0c//TP7Ina87TfiPUz1rQzMhHrl/SG2guqRcTOIUYD2q8uhUdNHZYJUaQ8aTGPzCh+c6oawMKW35nFl1dxyQ==
  
  zod@^3.21.4:
    version "3.22.5"
    resolved "https://registry.npmjs.org/zod/-/zod-3.22.5.tgz"
    integrity sha512-HqnGsCdVZ2xc0qWPLdO25WnseXThh0kEYKIdV5F/hTHO75hNZFp8thxSeHhiPrHZKrFTo1SOgkAj9po5bexZlw==
